0 info it worked if it ends with ok
1 verbose cli [ '/home/emanuele/.nvm/versions/node/v6.2.1/bin/node',
1 verbose cli   '/home/emanuele/.nvm/versions/node/v6.2.1/bin/npm',
1 verbose cli   'start' ]
2 info using npm@3.9.3
3 info using node@v6.2.1
4 verbose run-script [ 'prestart', 'start', 'poststart' ]
5 info lifecycle clementinejs_react@1.0.1~prestart: clementinejs_react@1.0.1
6 silly lifecycle clementinejs_react@1.0.1~prestart: no script for prestart, continuing
7 info lifecycle clementinejs_react@1.0.1~start: clementinejs_react@1.0.1
8 verbose lifecycle clementinejs_react@1.0.1~start: unsafe-perm in lifecycle true
9 verbose lifecycle clementinejs_react@1.0.1~start: PATH: /home/emanuele/.nvm/versions/node/v6.2.1/lib/node_modules/npm/bin/node-gyp-bin:/home/emanuele/Documenti/PROGRAMMING/PROJECTS/WEB_DEV/fcc/back-end/05-pic-terest/node_modules/.bin:/home/emanuele/.nvm/versions/node/v6.2.1/bin:/home/emanuele/.rvm/bin:/usr/local/heroku/bin:/home/emanuele/.nvm/versions/node/v6.2.1/bin:/usr/local/sbin:/usr/local/bin:/usr/sbin:/usr/bin:/sbin:/bin:/usr/games:/usr/local/games:/home/emanuele/.rvm/bin:/home/emanuele/.rvm/bin
10 verbose lifecycle clementinejs_react@1.0.1~start: CWD: /home/emanuele/Documenti/PROGRAMMING/PROJECTS/WEB_DEV/fcc/back-end/05-pic-terest
11 silly lifecycle clementinejs_react@1.0.1~start: Args: [ '-c', 'node server.js' ]
12 silly lifecycle clementinejs_react@1.0.1~start: Returned: code: 1  signal: null
13 info lifecycle clementinejs_react@1.0.1~start: Failed to exec start script
14 verbose stack Error: clementinejs_react@1.0.1 start: `node server.js`
14 verbose stack Exit status 1
14 verbose stack     at EventEmitter.<anonymous> (/home/emanuele/.nvm/versions/node/v6.2.1/lib/node_modules/npm/lib/utils/lifecycle.js:245:16)
14 verbose stack     at emitTwo (events.js:106:13)
14 verbose stack     at EventEmitter.emit (events.js:191:7)
14 verbose stack     at ChildProcess.<anonymous> (/home/emanuele/.nvm/versions/node/v6.2.1/lib/node_modules/npm/lib/utils/spawn.js:24:14)
14 verbose stack     at emitTwo (events.js:106:13)
14 verbose stack     at ChildProcess.emit (events.js:191:7)
14 verbose stack     at maybeClose (internal/child_process.js:852:16)
14 verbose stack     at Process.ChildProcess._handle.onexit (internal/child_process.js:215:5)
15 verbose pkgid clementinejs_react@1.0.1
16 verbose cwd /home/emanuele/Documenti/PROGRAMMING/PROJECTS/WEB_DEV/fcc/back-end/05-pic-terest
17 error Linux 3.13.0-91-generic
18 error argv "/home/emanuele/.nvm/versions/node/v6.2.1/bin/node" "/home/emanuele/.nvm/versions/node/v6.2.1/bin/npm" "start"
19 error node v6.2.1
20 error npm  v3.9.3
21 error code ELIFECYCLE
22 error clementinejs_react@1.0.1 start: `node server.js`
22 error Exit status 1
23 error Failed at the clementinejs_react@1.0.1 start script 'node server.js'.
23 error Make sure you have the latest version of node.js and npm installed.
23 error If you do, this is most likely a problem with the clementinejs_react package,
23 error not with npm itself.
23 error Tell the author that this fails on your system:
23 error     node server.js
23 error You can get information on how to open an issue for this project with:
23 error     npm bugs clementinejs_react
23 error Or if that isn't available, you can get their info via:
23 error     npm owner ls clementinejs_react
23 error There is likely additional logging output above.
24 verbose exit [ 1, true ]
